# JRE version: OpenJDK Runtime Environment (8.0) (build 1.8.0-25-microsoft-b00)
# Java VM: OpenJDK 64-Bit Server VM (25.71-b00 mixed mode windows-amd64 compressed oops)
Heap:
 PSYoungGen      total 131584K, used 131552K [0x00000000eab00000, 0x00000000f8400000, 0x0000000100000000)
  eden space 57856K, 100% used [0x00000000eab00000,0x00000000ee380000,0x00000000ee380000)
  from space 73728K, 99% used [0x00000000ee380000,0x00000000f2b78070,0x00000000f2b80000)
  to   space 79360K, 11% used [0x00000000f3680000,0x00000000f3f406a8,0x00000000f8400000)
 ParOldGen       total 699392K, used 203876K [0x00000000c0000000, 0x00000000eab00000, 0x00000000eab00000)
  object space 699392K, 29% used [0x00000000c0000000,0x00000000cc71d368,0x00000000eab00000)
 Metaspace       used 6804K, capacity 7448K, committed 7680K, reserved 1056768K
  class space    used 615K, capacity 656K, committed 768K, reserved 1048576K
GC Heap History (10 events):
Event: 1132.392 GC heap after
Heap after GC invocations=5766 (full 5747):
 PSYoungGen      total 131584K, used 59879K [0x00000000eab00000, 0x00000000f6e80000, 0x0000000100000000)
  eden space 71680K, 0% used [0x00000000eab00000,0x00000000eab00000,0x00000000ef100000)
  from space 59904K, 99% used [0x00000000ef100000,0x00000000f2b79c50,0x00000000f2b80000)
  to   space 52224K, 0% used [0x00000000f2b80000,0x00000000f2b80000,0x00000000f5e80000)
 ParOldGen       total 699392K, used 178791K [0x00000000c0000000, 0x00000000eab00000, 0x00000000eab00000)
  object space 699392K, 25% used [0x00000000c0000000,0x00000000cae99e90,0x00000000eab00000)
 Metaspace       used 6702K, capacity 7350K, committed 7552K, reserved 1056768K
  class space    used 610K, capacity 622K, committed 640K, reserved 1048576K
}
Event: 1132.562 GC heap before
{Heap before GC invocations=5767 (full 5747):
 PSYoungGen      total 131584K, used 131559K [0x00000000eab00000, 0x00000000f6e80000, 0x0000000100000000)
  eden space 71680K, 100% used [0x00000000eab00000,0x00000000ef100000,0x00000000ef100000)
  from space 59904K, 99% used [0x00000000ef100000,0x00000000f2b79c50,0x00000000f2b80000)
  to   space 52224K, 0% used [0x00000000f2b80000,0x00000000f2b80000,0x00000000f5e80000)
 ParOldGen       total 699392K, used 178791K [0x00000000c0000000, 0x00000000eab00000, 0x00000000eab00000)
  object space 699392K, 25% used [0x00000000c0000000,0x00000000cae99e90,0x00000000eab00000)
 Metaspace       used 6703K, capacity 7350K, committed 7552K, reserved 1056768K
  class space    used 610K, capacity 622K, committed 640K, reserved 1048576K
Event: 1132.631 GC heap after
Heap after GC invocations=5767 (full 5747):
 PSYoungGen      total 110080K, used 51649K [0x00000000eab00000, 0x00000000f8780000, 0x0000000100000000)
  eden space 57856K, 0% used [0x00000000eab00000,0x00000000eab00000,0x00000000ee380000)
  from space 52224K, 98% used [0x00000000f2b80000,0x00000000f5df0510,0x00000000f5e80000)
  to   space 73728K, 0% used [0x00000000ee380000,0x00000000ee380000,0x00000000f2b80000)
 ParOldGen       total 699392K, used 198663K [0x00000000c0000000, 0x00000000eab00000, 0x00000000eab00000)
  object space 699392K, 28% used [0x00000000c0000000,0x00000000cc201ce8,0x00000000eab00000)
 Metaspace       used 6703K, capacity 7350K, committed 7552K, reserved 1056768K
  class space    used 610K, capacity 622K, committed 640K, reserved 1048576K
}
Event: 1132.827 GC heap before
{Heap before GC invocations=5768 (full 5747):
 PSYoungGen      total 110080K, used 109505K [0x00000000eab00000, 0x00000000f8780000, 0x0000000100000000)
  eden space 57856K, 100% used [0x00000000eab00000,0x00000000ee380000,0x00000000ee380000)
  from space 52224K, 98% used [0x00000000f2b80000,0x00000000f5df0510,0x00000000f5e80000)
  to   space 73728K, 0% used [0x00000000ee380000,0x00000000ee380000,0x00000000f2b80000)
 ParOldGen       total 699392K, used 198663K [0x00000000c0000000, 0x00000000eab00000, 0x00000000eab00000)
  object space 699392K, 28% used [0x00000000c0000000,0x00000000cc201ce8,0x00000000eab00000)
 Metaspace       used 6703K, capacity 7350K, committed 7552K, reserved 1056768K
  class space    used 610K, capacity 622K, committed 640K, reserved 1048576K
Event: 1132.905 GC heap after
Heap after GC invocations=5768 (full 5747):
 PSYoungGen      total 131584K, used 59550K [0x00000000eab00000, 0x00000000f8400000, 0x0000000100000000)
  eden space 57856K, 0% used [0x00000000eab00000,0x00000000eab00000,0x00000000ee380000)
  from space 73728K, 80% used [0x00000000ee380000,0x00000000f1da7a68,0x00000000f2b80000)
  to   space 79360K, 0% used [0x00000000f3680000,0x00000000f3680000,0x00000000f8400000)
 ParOldGen       total 699392K, used 198663K [0x00000000c0000000, 0x00000000eab00000, 0x00000000eab00000)
  object space 699392K, 28% used [0x00000000c0000000,0x00000000cc201ce8,0x00000000eab00000)
 Metaspace       used 6703K, capacity 7350K, committed 7552K, reserved 1056768K
  class space    used 610K, capacity 622K, committed 640K, reserved 1048576K
}
Event: 1133.066 GC heap before
{Heap before GC invocations=5769 (full 5747):
 PSYoungGen      total 131584K, used 117406K [0x00000000eab00000, 0x00000000f8400000, 0x0000000100000000)
  eden space 57856K, 100% used [0x00000000eab00000,0x00000000ee380000,0x00000000ee380000)
  from space 73728K, 80% used [0x00000000ee380000,0x00000000f1da7a68,0x00000000f2b80000)
  to   space 79360K, 0% used [0x00000000f3680000,0x00000000f3680000,0x00000000f8400000)
 ParOldGen       total 699392K, used 198665K [0x00000000c0000000, 0x00000000eab00000, 0x00000000eab00000)
  object space 699392K, 28% used [0x00000000c0000000,0x00000000cc202540,0x00000000eab00000)
 Metaspace       used 6704K, capacity 7350K, committed 7552K, reserved 1056768K
  class space    used 610K, capacity 622K, committed 640K, reserved 1048576K
Event: 1133.135 GC heap after
Heap after GC invocations=5769 (full 5747):
 PSYoungGen      total 137216K, used 67704K [0x00000000eab00000, 0x00000000f8400000, 0x0000000100000000)
  eden space 57856K, 0% used [0x00000000eab00000,0x00000000eab00000,0x00000000ee380000)
  from space 79360K, 85% used [0x00000000f3680000,0x00000000f789e038,0x00000000f8400000)
  to   space 73728K, 0% used [0x00000000ee380000,0x00000000ee380000,0x00000000f2b80000)
 ParOldGen       total 699392K, used 198673K [0x00000000c0000000, 0x00000000eab00000, 0x00000000eab00000)
  object space 699392K, 28% used [0x00000000c0000000,0x00000000cc204540,0x00000000eab00000)
 Metaspace       used 6704K, capacity 7350K, committed 7552K, reserved 1056768K
  class space    used 610K, capacity 622K, committed 640K, reserved 1048576K
}
Event: 1133.267 GC heap before
{Heap before GC invocations=5770 (full 5747):
 PSYoungGen      total 137216K, used 125560K [0x00000000eab00000, 0x00000000f8400000, 0x0000000100000000)
  eden space 57856K, 100% used [0x00000000eab00000,0x00000000ee380000,0x00000000ee380000)
  from space 79360K, 85% used [0x00000000f3680000,0x00000000f789e038,0x00000000f8400000)
  to   space 73728K, 0% used [0x00000000ee380000,0x00000000ee380000,0x00000000f2b80000)
 ParOldGen       total 699392K, used 198682K [0x00000000c0000000, 0x00000000eab00000, 0x00000000eab00000)
  object space 699392K, 28% used [0x00000000c0000000,0x00000000cc206a50,0x00000000eab00000)
 Metaspace       used 6706K, capacity 7350K, committed 7552K, reserved 1056768K
  class space    used 610K, capacity 622K, committed 640K, reserved 1048576K
Event: 1133.324 GC heap after
Heap after GC invocations=5770 (full 5747):
 PSYoungGen      total 131584K, used 73696K [0x00000000eab00000, 0x00000000f8400000, 0x0000000100000000)
  eden space 57856K, 0% used [0x00000000eab00000,0x00000000eab00000,0x00000000ee380000)
  from space 73728K, 99% used [0x00000000ee380000,0x00000000f2b78070,0x00000000f2b80000)
  to   space 79360K, 0% used [0x00000000f3680000,0x00000000f3680000,0x00000000f8400000)
 ParOldGen       total 699392K, used 200916K [0x00000000c0000000, 0x00000000eab00000, 0x00000000eab00000)
  object space 699392K, 28% used [0x00000000c0000000,0x00000000cc435368,0x00000000eab00000)
 Metaspace       used 6706K, capacity 7350K, committed 7552K, reserved 1056768K
  class space    used 610K, capacity 622K, committed 640K, reserved 1048576K
}
Event: 1133.768 GC heap before
{Heap before GC invocations=5771 (full 5747):
 PSYoungGen      total 131584K, used 131552K [0x00000000eab00000, 0x00000000f8400000, 0x0000000100000000)
  eden space 57856K, 100% used [0x00000000eab00000,0x00000000ee380000,0x00000000ee380000)
  from space 73728K, 99% used [0x00000000ee380000,0x00000000f2b78070,0x00000000f2b80000)
  to   space 79360K, 0% used [0x00000000f3680000,0x00000000f3680000,0x00000000f8400000)
 ParOldGen       total 699392K, used 200916K [0x00000000c0000000, 0x00000000eab00000, 0x00000000eab00000)
  object space 699392K, 28% used [0x00000000c0000000,0x00000000cc435368,0x00000000eab00000)
 Metaspace       used 6804K, capacity 7448K, committed 7680K, reserved 1056768K
  class space    used 615K, capacity 656K, committed 768K, reserved 1048576K

